<?xml version="1.0" encoding="UTF-8"?>
<!-- Generated by org.testng.reporters.JUnitReportReporter -->
<testsuite skipped="0" hostname="DESKTOP-I76TGM3" name="remoteTesting.dockerValidation.chromeTest" tests="1" failures="0" timestamp="2021-02-22T15:34:21 CET" time="2.946" errors="0">
  <testcase name="test" time="2.946" classname="remoteTesting.dockerValidation.chromeTest"/>
  <system-out/>
</testsuite> <!-- remoteTesting.dockerValidation.chromeTest -->
