<?xml version="1.0" encoding="UTF-8"?>
<!-- Generated by org.testng.reporters.JUnitReportReporter -->
<testsuite skipped="0" hostname="DESKTOP-I76TGM3" name="remoteTesting.dockerValidation.AppTest" tests="1" failures="0" timestamp="2021-02-22T15:34:21 CET" time="0.015" errors="0">
  <testcase name="shouldAnswerWithTrue" time="0.015" classname="remoteTesting.dockerValidation.AppTest"/>
  <system-out/>
</testsuite> <!-- remoteTesting.dockerValidation.AppTest -->
