<?xml version="1.0" encoding="UTF-8"?>
<!-- Generated by org.testng.reporters.JUnitReportReporter -->
<testsuite hostname="DESKTOP-I76TGM3" failures="0" tests="1" name="remoteTesting.dockerValidation.firefoxTest1" time="13.174" errors="0" timestamp="2021-02-23T11:23:01 CET" skipped="0">
  <testcase classname="remoteTesting.dockerValidation.firefoxTest1" name="test1" time="13.174"/>
  <system-out/>
</testsuite> <!-- remoteTesting.dockerValidation.firefoxTest1 -->
