<?xml version="1.0" encoding="UTF-8"?>
<!-- Generated by org.testng.reporters.JUnitReportReporter -->
<testsuite hostname="DESKTOP-I76TGM3" failures="0" tests="1" name="remoteTesting.dockerValidation.startDocker" time="18.079" errors="0" timestamp="2021-02-22T14:21:40 CET" skipped="0">
  <testcase classname="remoteTesting.dockerValidation.startDocker" name="startFile" time="18.079"/>
  <system-out/>
</testsuite> <!-- remoteTesting.dockerValidation.startDocker -->
