<?xml version="1.0" encoding="UTF-8"?>
<!-- Generated by org.testng.reporters.JUnitReportReporter -->
<testsuite hostname="DESKTOP-I76TGM3" failures="0" tests="1" name="remoteTesting.dockerValidation.chromeTest" time="6.018" errors="0" timestamp="2021-02-23T11:23:01 CET" skipped="0">
  <testcase classname="remoteTesting.dockerValidation.chromeTest" name="test" time="6.018"/>
  <system-out/>
</testsuite> <!-- remoteTesting.dockerValidation.chromeTest -->
