<?xml version="1.0" encoding="UTF-8"?>
<!-- Generated by org.testng.reporters.JUnitReportReporter -->
<testsuite hostname="DESKTOP-I76TGM3" failures="0" tests="2" name="remoteTesting.dockerValidation.startAndStopDocker" time="25.697" errors="0" timestamp="2021-02-22T14:36:02 CET" skipped="0">
  <testcase classname="remoteTesting.dockerValidation.startAndStopDocker" name="startDocker" time="22.672"/>
  <system-out/>
  <testcase classname="remoteTesting.dockerValidation.startAndStopDocker" name="stopDocker" time="3.025"/>
  <system-out/>
</testsuite> <!-- remoteTesting.dockerValidation.startAndStopDocker -->
